0001.1999-12-10.kaminski.ham.txt HAM 0.1773477929678643427729467277 
0002.2001-05-25.SA_and_HP.spam.txt SPAM 0.9999776712225856344467222977 
0003.1999-12-10.kaminski.ham.txt HAM 1.417672331670057410900573849E-10 
0004.1999-12-10.kaminski.ham.txt HAM 7.619689911498548936205171643E-8 
0005.1999-12-12.kaminski.ham.txt HAM 5.270715462234459739281292943E-10 
0006.1999-12-13.kaminski.ham.txt HAM 0.0001000456895822504918913125733 
0007.1999-12-13.kaminski.ham.txt HAM 4.877020480532669675804232155E-60 
0008.2001-06-12.SA_and_HP.spam.txt SPAM 0.9999768053970584069225223471 
0009.1999-12-13.kaminski.ham.txt HAM 5.656682874174317258853641770E-599 
0010.1999-12-14.kaminski.ham.txt HAM 0.01711413696581842379588830069 
0011.2001-06-28.SA_and_HP.spam.txt SPAM 1 
0012.1999-12-14.kaminski.ham.txt HAM 5.527170425810393883384500356E-63 
0013.1999-12-14.kaminski.ham.txt HAM 5.036395361325787100325169046E-70 
0014.1999-12-14.kaminski.ham.txt HAM 2.516550644126327127138023497E-81 
0015.1999-12-14.kaminski.ham.txt HAM 1.927630098378580973916420828E-18 
0016.2001-07-05.SA_and_HP.spam.txt SPAM 0.9999783243030262162198911876 
0017.1999-12-14.kaminski.ham.txt HAM 8.905939097563235014535112137E-7 
0018.1999-12-14.kaminski.ham.txt HAM 2.607054765795072746341382928E-10 
0019.2001-07-06.SA_and_HP.spam.txt SPAM 1 
0020.1999-12-14.kaminski.ham.txt HAM 4.308917118694361301920456316E-29 
0021.1999-12-15.kaminski.ham.txt HAM 0.000001129311007238336256994027132 
0022.1999-12-15.kaminski.ham.txt HAM 1.451986177258268005432901480E-26 
0023.1999-12-15.kaminski.ham.txt HAM 0.002200781873565298975298664433 
0024.1999-12-15.kaminski.ham.txt HAM 0.00002122645734464124019176403591 
0025.1999-12-15.kaminski.ham.txt HAM 4.923331724489281902845524404E-24 
0026.2001-07-13.SA_and_HP.spam.txt HAM 0.00001187028749843507558490271102 
0027.1999-12-16.kaminski.ham.txt HAM 5.048893007977542223613869179E-155 
0028.1999-12-16.kaminski.ham.txt HAM 3.388633822946615894076643325E-15 
0029.1999-12-16.kaminski.ham.txt HAM 2.697527519872332557974188637E-66 
0030.2001-08-01.SA_and_HP.spam.txt SPAM 0.9999999999999999980297619255 
0031.1999-12-16.kaminski.ham.txt HAM 7.454467669115094143595887199E-16 
0032.2001-08-01.SA_and_HP.spam.txt HAM 4.449086756817498024264813651E-13 
0033.1999-12-16.kaminski.ham.txt HAM 7.891291433167271033999489502E-27 
0034.1999-12-16.kaminski.ham.txt HAM 1.528949207889135327788660878E-66 
0035.1999-12-16.kaminski.ham.txt HAM 2.613274124736006023532386302E-22 
0036.1999-12-16.kaminski.ham.txt HAM 3.414425017160218211362934020E-53 
0037.1999-12-16.kaminski.ham.txt HAM 1.076824620729805709579457583E-15 
0038.1999-12-17.kaminski.ham.txt SPAM 0.9985576722035393384723169557 
0039.2001-08-01.SA_and_HP.spam.txt HAM 0.002333637274891313626187625913 
0040.1999-12-17.kaminski.ham.txt HAM 3.654062882986317473936365396E-24 
0041.1999-12-17.kaminski.ham.txt SPAM 0.9999307599504173735865846440 
0042.1999-12-19.kaminski.ham.txt SPAM 0.9303071336355223956461547168 
0043.1999-12-20.kaminski.ham.txt HAM 2.286503295477560852793398409E-32 
0044.1999-12-20.kaminski.ham.txt HAM 0.4082179887168713554876556924 
0045.1999-12-20.kaminski.ham.txt HAM 0.0006054941106207664970234117950 
0046.1999-12-21.kaminski.ham.txt HAM 3.090011238927986919431769720E-41 
0047.1999-12-21.kaminski.ham.txt HAM 3.164984699006675089819000735E-51 
0048.1999-12-21.kaminski.ham.txt SPAM 0.9746380474989213845411926821 
0049.1999-12-21.kaminski.ham.txt HAM 0.03601769313309981087492810189 
0050.1999-12-21.kaminski.ham.txt HAM 8.378971560034503326912737283E-7 
0051.1999-12-21.kaminski.ham.txt HAM 1.738002619252838184914508535E-92 
0052.2001-08-03.SA_and_HP.spam.txt SPAM 1 
0053.1999-12-22.kaminski.ham.txt HAM 0.03277011695596724010318017141 
0054.1999-12-22.kaminski.ham.txt HAM 0.0001219297261853432845282766129 
0055.1999-12-22.kaminski.ham.txt HAM 7.128868273448924568435530312E-79 
0056.2001-08-05.SA_and_HP.spam.txt SPAM 0.9999993219493511559689857384 
0057.1999-12-23.kaminski.ham.txt HAM 8.516749776776888780185000897E-10 
0058.2001-08-05.SA_and_HP.spam.txt SPAM 1 
0059.1999-12-25.kaminski.ham.txt HAM 3.052040238777971232184678707E-54 
0060.1999-12-26.kaminski.ham.txt HAM 0.000001133799897239276638525753900 
0061.2001-08-05.SA_and_HP.spam.txt SPAM 0.9999991461705678553991293731 
0062.1999-12-27.kaminski.ham.txt HAM 0.001110278928726780008224978392 
0063.1999-12-27.kaminski.ham.txt HAM 0.0001756179672100077564907460447 
0064.2001-08-18.SA_and_HP.spam.txt SPAM 0.9999999996250172795063339683 
0065.1999-12-28.kaminski.ham.txt SPAM 0.8703352635969104456392821518 
0066.1999-12-30.kaminski.ham.txt HAM 1.886099463072401229877536448E-18 
0067.1999-12-30.kaminski.ham.txt HAM 3.390646714894708728011163931E-12 
0068.2001-09-17.SA_and_HP.spam.txt SPAM 0.9999999999645002006516742193 
0069.1999-12-30.kaminski.ham.txt HAM 9.275908273581661608256232014E-15 
0070.1999-12-30.kaminski.ham.txt HAM 0.000001357449518015278490616836694 
0071.2002-01-01.SA_and_HP.spam.txt SPAM 0.9999999999999999999999988101 
0072.2002-01-20.SA_and_HP.spam.txt SPAM 0.8965364249202110525751168860 
0073.1999-12-30.kaminski.ham.txt HAM 1.685877842942274879929564081E-31 
0074.2000-01-01.kaminski.ham.txt HAM 0.01525727019660198895819618787 
0075.2000-01-03.kaminski.ham.txt HAM 5.362673811501727774517648328E-17 
0076.2002-02-10.SA_and_HP.spam.txt SPAM 0.9736883930641794674112778576 
0077.2000-01-03.kaminski.ham.txt HAM 6.185633456702265091357320907E-24 
0078.2000-01-04.kaminski.ham.txt HAM 1.882637895214272623163562133E-17 
0079.2000-01-04.kaminski.ham.txt HAM 1.214634287870929230527480411E-18 
0080.2000-01-04.kaminski.ham.txt HAM 1.852531220651392730093712720E-31 
0081.2000-01-04.kaminski.ham.txt HAM 0.000005902894446756232719580231378 
0082.2000-01-04.kaminski.ham.txt HAM 0.0002701877337808650904409292086 
0083.2000-01-05.kaminski.ham.txt SPAM 0.9553733480596930822490067801 
0084.2000-01-05.kaminski.ham.txt HAM 9.116309996116490709898358862E-45 
0085.2000-01-05.kaminski.ham.txt HAM 9.391749708233450776738970680E-26 
0086.2000-01-05.kaminski.ham.txt HAM 1.157162026305034926151282106E-30 
0087.2000-01-05.kaminski.ham.txt HAM 0.009881917293769448437955488957 
0088.2002-02-15.SA_and_HP.spam.txt SPAM 0.9998947223904919325248527722 
0089.2000-01-05.kaminski.ham.txt HAM 2.028267025584439721766607830E-44 
0090.2000-01-05.kaminski.ham.txt HAM 2.184699578571625914388482530E-50 
0091.2000-01-05.kaminski.ham.txt HAM 1.952015676079603469526567280E-110 
0092.2000-01-05.kaminski.ham.txt SPAM 0.9997491965390679411521997591 
0093.2000-01-05.kaminski.ham.txt HAM 2.077777531175055335359796907E-9 
0094.2000-01-06.kaminski.ham.txt HAM 3.706346125062815892678976034E-26 
0095.2000-01-06.kaminski.ham.txt HAM 1.024175245116683157910664941E-9 
0096.2002-02-20.SA_and_HP.spam.txt HAM 0.04681169237960850237983619297 
0097.2000-01-06.kaminski.ham.txt HAM 7.648194304885663183956409644E-23 
0098.2002-02-22.SA_and_HP.spam.txt SPAM 1 
0099.2000-01-06.kaminski.ham.txt HAM 8.371977827735553916183369941E-36 
0100.2000-01-06.kaminski.ham.txt HAM 6.888286126438526333515032123E-40 

HAM
Dictionary Size: 2298
Total Number of Words: 14572

SPAM
Dictionary Size: 6881
Total Number of Words: 20403
